---------------------------
Failed to write app endpoint /projects/[projectId]/page

Caused by:
- [project]/src/app/globals.css [app-client] (css)
- creating new process
- reading packet length
- unexpected end of file

Debug info:
- Execution of TaskId { id: 2147483652 } transient failed
- Execution of get_written_endpoint_with_issues_operation failed
- Execution of endpoint_write_to_disk failed
- Execution of <AppEndpoint as Endpoint>::output failed
- Failed to write app endpoint /projects/[projectId]/page
- Execution of AppEndpoint::output failed
- Execution of AppProject::app_module_graphs failed
- Execution of *<AppEndpoint as Endpoint>::additional_entries failed
- Execution of *ModuleGraph::from_graphs failed
- Execution of SingleModuleGraph::new_with_entries_visited_intern failed
- [project]/src/app/globals.css [app-client] (css)
- Execution of primary_chunkable_referenced_modules failed
- Execution of <CssModuleAsset as Module>::references failed
- Execution of parse_css failed
- Execution of <PostCssTransformedAsset as Asset>::content failed
- Execution of PostCssTransformedAsset::process failed
- creating new process
- reading packet length
- unexpected end of file
